[debug] [2026-04-05T10:44:17.763Z] ----------------------------------------------------------------------
[debug] [2026-04-05T10:44:17.768Z] Command:       C:\Program Files\nodejs\node.exe C:\Users\Kekab\AppData\Roaming\npm\node_modules\firebase-tools\lib\bin\firebase.js deploy --only hosting
[debug] [2026-04-05T10:44:17.769Z] CLI Version:   15.9.1
[debug] [2026-04-05T10:44:17.769Z] Platform:      win32
[debug] [2026-04-05T10:44:17.769Z] Node Version:  v22.17.0
[debug] [2026-04-05T10:44:17.770Z] Time:          Sun Apr 05 2026 12:44:17 GMT+0200 (South Africa Standard Time)
[debug] [2026-04-05T10:44:17.770Z] ----------------------------------------------------------------------
[debug] 
[debug] [2026-04-05T10:45:47.982Z] > command requires scopes: ["email","openid","https://www.googleapis.com/auth/cloudplatformprojects.readonly","https://www.googleapis.com/auth/firebase","https://www.googleapis.com/auth/cloud-platform"]
[debug] [2026-04-05T10:45:47.984Z] > authorizing via signed-in user (tony.tryout@gmail.com)
[debug] [2026-04-05T10:45:47.984Z] [iam] checking project peel-7ed9c for permissions ["firebase.projects.get","firebasehosting.sites.update"]
[debug] [2026-04-05T10:45:47.987Z] Checked if tokens are valid: true, expires at: 1775387632046
[debug] [2026-04-05T10:45:47.988Z] Checked if tokens are valid: true, expires at: 1775387632046
[debug] [2026-04-05T10:45:47.990Z] >>> [apiv2][query] POST https://cloudresourcemanager.googleapis.com/v1/projects/peel-7ed9c:testIamPermissions [none]
[debug] [2026-04-05T10:45:47.991Z] >>> [apiv2][(partial)header] POST https://cloudresourcemanager.googleapis.com/v1/projects/peel-7ed9c:testIamPermissions  x-goog-user-project=peel-7ed9c
[debug] [2026-04-05T10:45:47.991Z] >>> [apiv2][body] POST https://cloudresourcemanager.googleapis.com/v1/projects/peel-7ed9c:testIamPermissions {"permissions":["firebase.projects.get","firebasehosting.sites.update"]}
[debug] [2026-04-05T10:45:50.100Z] <<< [apiv2][status] POST https://cloudresourcemanager.googleapis.com/v1/projects/peel-7ed9c:testIamPermissions 200
[debug] [2026-04-05T10:45:50.101Z] <<< [apiv2][body] POST https://cloudresourcemanager.googleapis.com/v1/projects/peel-7ed9c:testIamPermissions {"permissions":["firebase.projects.get","firebasehosting.sites.update"]}
[debug] [2026-04-05T10:45:50.102Z] Checked if tokens are valid: true, expires at: 1775387632046
[debug] [2026-04-05T10:45:50.103Z] Checked if tokens are valid: true, expires at: 1775387632046
[debug] [2026-04-05T10:45:50.104Z] >>> [apiv2][query] GET https://firebase.googleapis.com/v1beta1/projects/peel-7ed9c [none]
[debug] [2026-04-05T10:45:51.144Z] <<< [apiv2][status] GET https://firebase.googleapis.com/v1beta1/projects/peel-7ed9c 200
[debug] [2026-04-05T10:45:51.145Z] <<< [apiv2][body] GET https://firebase.googleapis.com/v1beta1/projects/peel-7ed9c {"projectId":"peel-7ed9c","projectNumber":"225063450520","displayName":"peel","name":"projects/peel-7ed9c","resources":{"hostingSite":"peel-7ed9c"},"state":"ACTIVE","etag":"1_29782c0e-3b59-4acd-b934-0e12e933eb49"}
[debug] [2026-04-05T10:45:56.336Z] defaultcredentials: writing to file C:\Users\Kekab\AppData\Roaming\firebase\tony_tryout_gmail.com_application_default_credentials.json
[debug] [2026-04-05T10:45:56.425Z] Checked if tokens are valid: true, expires at: 1775387632046
[debug] [2026-04-05T10:45:56.425Z] Checked if tokens are valid: true, expires at: 1775387632046
[debug] [2026-04-05T10:45:56.571Z] >>> [apiv2][query] GET https://firebasehosting.googleapis.com/v1beta1/projects/peel-7ed9c/sites pageToken=&pageSize=10
[debug] [2026-04-05T10:45:59.176Z] <<< [apiv2][status] GET https://firebasehosting.googleapis.com/v1beta1/projects/peel-7ed9c/sites 200
[debug] [2026-04-05T10:45:59.176Z] <<< [apiv2][body] GET https://firebasehosting.googleapis.com/v1beta1/projects/peel-7ed9c/sites {"sites":[{"name":"projects/peel-7ed9c/sites/peel-7ed9c","defaultUrl":"https://peel-7ed9c.web.app","type":"DEFAULT_SITE"}]}
[debug] [2026-04-05T10:45:59.178Z] Checked if tokens are valid: true, expires at: 1775387632046
[debug] [2026-04-05T10:45:59.178Z] Checked if tokens are valid: true, expires at: 1775387632046
[debug] [2026-04-05T10:45:59.178Z] >>> [apiv2][query] GET https://firebasehosting.googleapis.com/v1beta1/projects/peel-7ed9c/sites 
[debug] [2026-04-05T10:46:00.366Z] <<< [apiv2][status] GET https://firebasehosting.googleapis.com/v1beta1/projects/peel-7ed9c/sites 200
[debug] [2026-04-05T10:46:00.366Z] <<< [apiv2][body] GET https://firebasehosting.googleapis.com/v1beta1/projects/peel-7ed9c/sites {"sites":[{"name":"projects/peel-7ed9c/sites/peel-7ed9c","defaultUrl":"https://peel-7ed9c.web.app","type":"DEFAULT_SITE"}]}
[debug] [2026-04-05T10:46:00.366Z] Checked if tokens are valid: true, expires at: 1775387632046
[debug] [2026-04-05T10:46:00.367Z] Checked if tokens are valid: true, expires at: 1775387632046
[debug] [2026-04-05T10:46:00.367Z] >>> [apiv2][query] GET https://firebase.googleapis.com/v1beta1/projects/peel-7ed9c/webApps/-/config [none]
[debug] [2026-04-05T10:46:01.526Z] <<< [apiv2][status] GET https://firebase.googleapis.com/v1beta1/projects/peel-7ed9c/webApps/-/config 200
[debug] [2026-04-05T10:46:01.526Z] <<< [apiv2][body] GET https://firebase.googleapis.com/v1beta1/projects/peel-7ed9c/webApps/-/config {"projectId":"peel-7ed9c","appId":"1:225063450520:web:6adf2a84979101c9dbdded","storageBucket":"peel-7ed9c.firebasestorage.app","apiKey":"AIzaSyAA7rgJws82sN3CGzHvDi8_EcYdxzwH2SI","authDomain":"peel-7ed9c.firebaseapp.com","messagingSenderId":"225063450520","measurementId":"G-SXM60FEVJS","projectNumber":"225063450520","version":"2"}
[info] 
   Thank you for trying our early preview of Next.js support on Firebase Hosting.
   During the preview, support is best-effort and breaking changes can be expected. Proceed with caution.

   Documentation: https://firebase.google.com/docs/hosting/frameworks/nextjs
   File a bug: https://github.com/firebase/firebase-tools/issues/new?template=bug_report.md
   Submit a feature request: https://github.com/firebase/firebase-tools/issues/new?template=feature_request.md

   We'd love to learn from you. Express your interest in helping us shape the future of Firebase Hosting: https://goo.gle/41enW5X

[debug] [2026-04-05T10:46:19.261Z] Checked if tokens are valid: true, expires at: 1775387632046
[debug] [2026-04-05T10:46:19.261Z] Checked if tokens are valid: true, expires at: 1775387632046
[debug] [2026-04-05T10:46:19.261Z] >>> [apiv2][query] GET https://firebasehosting.googleapis.com/v1beta1/projects/peel-7ed9c/sites/peel-7ed9c [none]
[debug] [2026-04-05T10:46:21.436Z] <<< [apiv2][status] GET https://firebasehosting.googleapis.com/v1beta1/projects/peel-7ed9c/sites/peel-7ed9c 200
[debug] [2026-04-05T10:46:21.437Z] <<< [apiv2][body] GET https://firebasehosting.googleapis.com/v1beta1/projects/peel-7ed9c/sites/peel-7ed9c {"name":"projects/peel-7ed9c/sites/peel-7ed9c","defaultUrl":"https://peel-7ed9c.web.app","type":"DEFAULT_SITE"}
[info]   ▲ Next.js 14.2.35

[info]   - Environments: .env.local

[info] 

[info]    Creating an optimized production build ...

[info]  ✓ Compiled successfully

[info]    Linting and checking validity of types ...

[info]    Collecting page data ...

[info]    Generating static pages (0/6) ...

[info]    Generating static pages (1/6) 

[info]    Generating static pages (2/6) 

[info]    Generating static pages (4/6) 

[info]  ✓ Generating static pages (6/6)

[info]    Finalizing page optimization ...

[info]    Collecting build traces ...

[info] 

[info] Route (app)                              Size     First Load JS
┌ ○ /                                    8.88 kB        96.2 kB
├ ○ /_not-found                          873 B          88.2 kB
├ ƒ /api/inpaint                         0 B                0 B
├ ƒ /api/status/[jobId]                  0 B                0 B
├ ƒ /api/webhook/replicate/[jobId]       0 B                0 B
└ ○ /editor                              4.74 kB         110 kB
+ First Load JS shared by all            87.3 kB
  ├ chunks/117-34080c75d9ab7801.js       31.7 kB
  ├ chunks/fd9d1056-42a1c2df9c4a85a8.js  53.6 kB
  └ other shared chunks (total)          1.95 kB


[info] 
○  (Static)   prerendered as static content
ƒ  (Dynamic)  server-rendered on demand


[info] Building a Cloud Function to run this application. This is needed due to:
[info]  • non-static component /api/status/[jobId]/route
[info]  • non-static component /api/webhook/replicate/[jobId]/route
[info]  • non-static component /api/inpaint/route
[info] 
[debug] [2026-04-05T10:48:52.575Z] Checked if tokens are valid: true, expires at: 1775387632046
[debug] [2026-04-05T10:48:52.575Z] Checked if tokens are valid: true, expires at: 1775387632046
[debug] [2026-04-05T10:48:52.575Z] >>> [apiv2][query] GET https://firebasehosting.googleapis.com/v1beta1/projects/peel-7ed9c/sites/peel-7ed9c [none]
[debug] [2026-04-05T10:48:54.722Z] <<< [apiv2][status] GET https://firebasehosting.googleapis.com/v1beta1/projects/peel-7ed9c/sites/peel-7ed9c 200
[debug] [2026-04-05T10:48:54.722Z] <<< [apiv2][body] GET https://firebasehosting.googleapis.com/v1beta1/projects/peel-7ed9c/sites/peel-7ed9c {"name":"projects/peel-7ed9c/sites/peel-7ed9c","defaultUrl":"https://peel-7ed9c.web.app","type":"DEFAULT_SITE"}
[debug] [2026-04-05T10:49:20.690Z] [web frameworks] effective firebase.json:  {
  "hosting": [
    {
      "source": ".",
      "ignore": [
        "firebase.json",
        "**/.*",
        "**/node_modules/**"
      ],
      "frameworksBackend": {
        "region": "us-central1"
      },
      "site": "peel-7ed9c",
      "rewrites": [
        {
          "source": "**",
          "function": {
            "functionId": "ssrpeel7ed9c",
            "region": "us-central1",
            "pinTag": true
          }
        }
      ],
      "redirects": [],
      "headers": [
        {
          "source": "/_not-found",
          "headers": [
            {
              "key": "x-next-cache-tags",
              "value": "_N_T_/layout,_N_T_/_not-found/layout,_N_T_/_not-found/page,_N_T_/_not-found"
            }
          ]
        },
        {
          "source": "/editor",
          "headers": [
            {
              "key": "x-next-cache-tags",
              "value": "_N_T_/layout,_N_T_/editor/layout,_N_T_/editor/page,_N_T_/editor"
            }
          ]
        },
        {
          "source": "**/*.[jt]s",
          "headers": [
            {
              "key": "Set-Cookie",
              "value": "__FIREBASE_DEFAULTS__=eyJjb25maWciOnsicHJvamVjdElkIjoicGVlbC03ZWQ5YyIsImFwcElkIjoiMToyMjUwNjM0NTA1MjA6d2ViOjZhZGYyYTg0OTc5MTAxYzlkYmRkZWQiLCJzdG9yYWdlQnVja2V0IjoicGVlbC03ZWQ5Yy5maXJlYmFzZXN0b3JhZ2UuYXBwIiwiYXBpS2V5IjoiQUl6YVN5QUE3cmdKd3M4MnNOM0NHekh2RGk4X0VjWWR4endIMlNJIiwiYXV0aERvbWFpbiI6InBlZWwtN2VkOWMuZmlyZWJhc2VhcHAuY29tIiwibWVzc2FnaW5nU2VuZGVySWQiOiIyMjUwNjM0NTA1MjAiLCJtZWFzdXJlbWVudElkIjoiRy1TWE02MEZFVkpTIiwicHJvamVjdE51bWJlciI6IjIyNTA2MzQ1MDUyMCIsInZlcnNpb24iOiIyIn0sIl9hdXRoVG9rZW5TeW5jVVJMIjoiL19fc2Vzc2lvbiJ9; SameSite=Strict; Expires=2028-02-28T21:29:20.689Z; Path=/;"
            }
          ]
        }
      ],
      "cleanUrls": true,
      "trailingSlash": false,
      "public": ".firebase\\peel-7ed9c\\hosting",
      "webFramework": "next_ssr"
    }
  ],
  "functions": [
    {
      "source": ".firebase\\peel-7ed9c\\functions",
      "codebase": "firebase-frameworks-peel-7ed9c"
    }
  ]
}
[debug] [2026-04-05T10:49:20.691Z] > command requires scopes: ["email","openid","https://www.googleapis.com/auth/cloudplatformprojects.readonly","https://www.googleapis.com/auth/firebase","https://www.googleapis.com/auth/cloud-platform"]
[debug] [2026-04-05T10:49:20.691Z] > authorizing via signed-in user (tony.tryout@gmail.com)
[debug] [2026-04-05T10:49:20.691Z] [iam] checking project peel-7ed9c for permissions ["cloudfunctions.functions.create","cloudfunctions.functions.delete","cloudfunctions.functions.get","cloudfunctions.functions.list","cloudfunctions.functions.update","cloudfunctions.operations.get","firebase.projects.get"]
[debug] [2026-04-05T10:49:20.692Z] Checked if tokens are valid: true, expires at: 1775387632046
[debug] [2026-04-05T10:49:20.692Z] Checked if tokens are valid: true, expires at: 1775387632046
[debug] [2026-04-05T10:49:20.693Z] >>> [apiv2][query] POST https://cloudresourcemanager.googleapis.com/v1/projects/peel-7ed9c:testIamPermissions [none]
[debug] [2026-04-05T10:49:20.693Z] >>> [apiv2][(partial)header] POST https://cloudresourcemanager.googleapis.com/v1/projects/peel-7ed9c:testIamPermissions  x-goog-user-project=peel-7ed9c
[debug] [2026-04-05T10:49:20.693Z] >>> [apiv2][body] POST https://cloudresourcemanager.googleapis.com/v1/projects/peel-7ed9c:testIamPermissions {"permissions":["cloudfunctions.functions.create","cloudfunctions.functions.delete","cloudfunctions.functions.get","cloudfunctions.functions.list","cloudfunctions.functions.update","cloudfunctions.operations.get","firebase.projects.get"]}
[debug] [2026-04-05T10:49:21.705Z] <<< [apiv2][status] POST https://cloudresourcemanager.googleapis.com/v1/projects/peel-7ed9c:testIamPermissions 200
[debug] [2026-04-05T10:49:21.705Z] <<< [apiv2][body] POST https://cloudresourcemanager.googleapis.com/v1/projects/peel-7ed9c:testIamPermissions {"permissions":["cloudfunctions.functions.create","cloudfunctions.functions.delete","cloudfunctions.functions.get","cloudfunctions.functions.list","cloudfunctions.functions.update","cloudfunctions.operations.get","firebase.projects.get"]}
[debug] [2026-04-05T10:49:21.706Z] Checked if tokens are valid: true, expires at: 1775387632046
[debug] [2026-04-05T10:49:21.707Z] Checked if tokens are valid: true, expires at: 1775387632046
[debug] [2026-04-05T10:49:21.707Z] >>> [apiv2][query] GET https://cloudfunctions.googleapis.com/v1/projects/peel-7ed9c/locations/-/functions [none]
[debug] [2026-04-05T10:49:23.082Z] <<< [apiv2][status] GET https://cloudfunctions.googleapis.com/v1/projects/peel-7ed9c/locations/-/functions 200
[debug] [2026-04-05T10:49:23.082Z] <<< [apiv2][body] GET https://cloudfunctions.googleapis.com/v1/projects/peel-7ed9c/locations/-/functions {}
[debug] [2026-04-05T10:49:23.083Z] Checked if tokens are valid: true, expires at: 1775387632046
[debug] [2026-04-05T10:49:23.083Z] Checked if tokens are valid: true, expires at: 1775387632046
[debug] [2026-04-05T10:49:23.084Z] >>> [apiv2][query] GET https://cloudfunctions.googleapis.com/v2/projects/peel-7ed9c/locations/-/functions filter=environment%3D%22GEN_2%22
[debug] [2026-04-05T10:49:24.321Z] <<< [apiv2][status] GET https://cloudfunctions.googleapis.com/v2/projects/peel-7ed9c/locations/-/functions 200
[debug] [2026-04-05T10:49:24.321Z] <<< [apiv2][body] GET https://cloudfunctions.googleapis.com/v2/projects/peel-7ed9c/locations/-/functions {}
[info] i  hosting: The following function(s) are pinned to site peel-7ed9c and will be deployed as well: ssrpeel7ed9c 
[info] 
[info] === Deploying to 'peel-7ed9c'...
[info] 
[info] i  deploying functions, hosting 
[debug] [2026-04-05T10:49:24.326Z] Checked if tokens are valid: true, expires at: 1775387632046
[debug] [2026-04-05T10:49:24.326Z] Checked if tokens are valid: true, expires at: 1775387632046
[debug] [2026-04-05T10:49:24.326Z] >>> [apiv2][query] GET https://serviceusage.googleapis.com/v1/projects/peel-7ed9c/services/cloudresourcemanager.googleapis.com [none]
[debug] [2026-04-05T10:49:24.326Z] >>> [apiv2][(partial)header] GET https://serviceusage.googleapis.com/v1/projects/peel-7ed9c/services/cloudresourcemanager.googleapis.com  x-goog-user-project=peel-7ed9c
[debug] [2026-04-05T10:49:26.550Z] <<< [apiv2][status] GET https://serviceusage.googleapis.com/v1/projects/peel-7ed9c/services/cloudresourcemanager.googleapis.com 200
[debug] [2026-04-05T10:49:26.550Z] <<< [apiv2][body] GET https://serviceusage.googleapis.com/v1/projects/peel-7ed9c/services/cloudresourcemanager.googleapis.com [omitted]
[debug] [2026-04-05T10:49:26.596Z] Checked if tokens are valid: true, expires at: 1775387632046
[debug] [2026-04-05T10:49:26.596Z] Checked if tokens are valid: true, expires at: 1775387632046
[debug] [2026-04-05T10:49:26.597Z] >>> [apiv2][query] GET https://cloudresourcemanager.googleapis.com/v1/projects/peel-7ed9c [none]
[debug] [2026-04-05T10:49:26.938Z] <<< [apiv2][status] GET https://cloudresourcemanager.googleapis.com/v1/projects/peel-7ed9c 200
[debug] [2026-04-05T10:49:26.939Z] <<< [apiv2][body] GET https://cloudresourcemanager.googleapis.com/v1/projects/peel-7ed9c {"projectNumber":"225063450520","projectId":"peel-7ed9c","lifecycleState":"ACTIVE","name":"peel","labels":{"firebase":"enabled","firebase-core":"disabled"},"createTime":"2026-04-05T09:53:32.990Z"}
[info] i  functions: preparing codebase firebase-frameworks-peel-7ed9c for deployment 
[info] i  functions: ensuring required API cloudfunctions.googleapis.com is enabled... 
[debug] [2026-04-05T10:49:26.941Z] Checked if tokens are valid: true, expires at: 1775387632046
[debug] [2026-04-05T10:49:26.941Z] Checked if tokens are valid: true, expires at: 1775387632046
[debug] [2026-04-05T10:49:26.942Z] Checked if tokens are valid: true, expires at: 1775387632046
[debug] [2026-04-05T10:49:26.942Z] Checked if tokens are valid: true, expires at: 1775387632046
[info] i  functions: ensuring required API cloudbuild.googleapis.com is enabled... 
[debug] [2026-04-05T10:49:26.943Z] Checked if tokens are valid: true, expires at: 1775387632046
[debug] [2026-04-05T10:49:26.943Z] Checked if tokens are valid: true, expires at: 1775387632046
[info] i  artifactregistry: ensuring required API artifactregistry.googleapis.com is enabled... 
[debug] [2026-04-05T10:49:26.944Z] Checked if tokens are valid: true, expires at: 1775387632046
[debug] [2026-04-05T10:49:26.944Z] Checked if tokens are valid: true, expires at: 1775387632046
[debug] [2026-04-05T10:49:26.944Z] >>> [apiv2][query] GET https://serviceusage.googleapis.com/v1/projects/peel-7ed9c/services/cloudfunctions.googleapis.com [none]
[debug] [2026-04-05T10:49:26.944Z] >>> [apiv2][(partial)header] GET https://serviceusage.googleapis.com/v1/projects/peel-7ed9c/services/cloudfunctions.googleapis.com  x-goog-user-project=peel-7ed9c
[debug] [2026-04-05T10:49:26.945Z] >>> [apiv2][query] GET https://serviceusage.googleapis.com/v1/projects/peel-7ed9c/services/runtimeconfig.googleapis.com [none]
[debug] [2026-04-05T10:49:26.945Z] >>> [apiv2][(partial)header] GET https://serviceusage.googleapis.com/v1/projects/peel-7ed9c/services/runtimeconfig.googleapis.com  x-goog-user-project=peel-7ed9c
[debug] [2026-04-05T10:49:26.947Z] >>> [apiv2][query] GET https://serviceusage.googleapis.com/v1/projects/peel-7ed9c/services/cloudbuild.googleapis.com [none]
[debug] [2026-04-05T10:49:26.947Z] >>> [apiv2][(partial)header] GET https://serviceusage.googleapis.com/v1/projects/peel-7ed9c/services/cloudbuild.googleapis.com  x-goog-user-project=peel-7ed9c
[debug] [2026-04-05T10:49:26.949Z] >>> [apiv2][query] GET https://serviceusage.googleapis.com/v1/projects/peel-7ed9c/services/artifactregistry.googleapis.com [none]
[debug] [2026-04-05T10:49:26.949Z] >>> [apiv2][(partial)header] GET https://serviceusage.googleapis.com/v1/projects/peel-7ed9c/services/artifactregistry.googleapis.com  x-goog-user-project=peel-7ed9c
[debug] [2026-04-05T10:49:27.420Z] <<< [apiv2][status] GET https://serviceusage.googleapis.com/v1/projects/peel-7ed9c/services/cloudfunctions.googleapis.com 200
[debug] [2026-04-05T10:49:27.421Z] <<< [apiv2][body] GET https://serviceusage.googleapis.com/v1/projects/peel-7ed9c/services/cloudfunctions.googleapis.com [omitted]
[info] +  functions: required API cloudfunctions.googleapis.com is enabled 
[debug] [2026-04-05T10:49:29.080Z] <<< [apiv2][status] GET https://serviceusage.googleapis.com/v1/projects/peel-7ed9c/services/cloudbuild.googleapis.com 200
[debug] [2026-04-05T10:49:29.080Z] <<< [apiv2][body] GET https://serviceusage.googleapis.com/v1/projects/peel-7ed9c/services/cloudbuild.googleapis.com [omitted]
[warn] !  functions: missing required API cloudbuild.googleapis.com. Enabling now... 
[debug] [2026-04-05T10:49:29.081Z] Checked if tokens are valid: true, expires at: 1775387632046
[debug] [2026-04-05T10:49:29.081Z] Checked if tokens are valid: true, expires at: 1775387632046
[debug] [2026-04-05T10:49:29.082Z] >>> [apiv2][query] POST https://serviceusage.googleapis.com/v1/projects/peel-7ed9c/services/cloudbuild.googleapis.com:enable [none]
[debug] [2026-04-05T10:49:29.082Z] >>> [apiv2][(partial)header] POST https://serviceusage.googleapis.com/v1/projects/peel-7ed9c/services/cloudbuild.googleapis.com:enable  x-goog-user-project=peel-7ed9c
[debug] [2026-04-05T10:49:29.092Z] <<< [apiv2][status] GET https://serviceusage.googleapis.com/v1/projects/peel-7ed9c/services/runtimeconfig.googleapis.com 200
[debug] [2026-04-05T10:49:29.092Z] <<< [apiv2][body] GET https://serviceusage.googleapis.com/v1/projects/peel-7ed9c/services/runtimeconfig.googleapis.com [omitted]
[debug] [2026-04-05T10:49:29.142Z] <<< [apiv2][status] GET https://serviceusage.googleapis.com/v1/projects/peel-7ed9c/services/artifactregistry.googleapis.com 200
[debug] [2026-04-05T10:49:29.142Z] <<< [apiv2][body] GET https://serviceusage.googleapis.com/v1/projects/peel-7ed9c/services/artifactregistry.googleapis.com [omitted]
[warn] !  artifactregistry: missing required API artifactregistry.googleapis.com. Enabling now... 
[debug] [2026-04-05T10:49:29.143Z] Checked if tokens are valid: true, expires at: 1775387632046
[debug] [2026-04-05T10:49:29.143Z] Checked if tokens are valid: true, expires at: 1775387632046
[debug] [2026-04-05T10:49:29.143Z] >>> [apiv2][query] POST https://serviceusage.googleapis.com/v1/projects/peel-7ed9c/services/artifactregistry.googleapis.com:enable [none]
[debug] [2026-04-05T10:49:29.143Z] >>> [apiv2][(partial)header] POST https://serviceusage.googleapis.com/v1/projects/peel-7ed9c/services/artifactregistry.googleapis.com:enable  x-goog-user-project=peel-7ed9c
[debug] [2026-04-05T10:49:29.602Z] <<< [apiv2][status] POST https://serviceusage.googleapis.com/v1/projects/peel-7ed9c/services/cloudbuild.googleapis.com:enable 400
[debug] [2026-04-05T10:49:29.602Z] <<< [apiv2][body] POST https://serviceusage.googleapis.com/v1/projects/peel-7ed9c/services/cloudbuild.googleapis.com:enable [omitted]
[error] 
[error] Error: Your project peel-7ed9c must be on the Blaze (pay-as-you-go) plan to complete this command. Required API cloudbuild.googleapis.com can't be enabled until the upgrade is complete. To upgrade, visit the following URL:

https://console.firebase.google.com/project/peel-7ed9c/usage/details
